<?xml version="1.0" encoding="UTF-8"?>
<!-- Generated by org.testng.reporters.JUnitReportReporter -->
<testsuite hostname="Machin07" failures="0" tests="3" name="tests.TextBoxTest" time="2.117" errors="0" timestamp="2024-09-07T13:48:53 IST" skipped="0">
  <testcase classname="tests.TextBoxTest" name="Practice" time="1.800"/>
  <system-out/>
  <testcase classname="tests.TextBoxTest" name="Elements" time="0.149"/>
  <system-out/>
  <testcase classname="tests.TextBoxTest" name="Textbox" time="0.168"/>
  <system-out/>
</testsuite> <!-- tests.TextBoxTest -->
